[18-Mar-2026 14:47:02 UTC] WordPress database error <div style="clear:both">&nbsp;</div>
<div class="queries" style="clear:both;margin-bottom:2px;border:red dotted thin;">
<p>MySQL query:</p>
<p>SELECT option_value FROM wp_options WHERE option_name = 'db_version'</p>
<p>Queries made or created this session were:</p>
<ol>
<li>Executing: BEGIN IMMEDIATE | (no parameters)</li>
<li>Executing: SELECT `option_value` FROM `wp_options` WHERE `option_name` = &#039;db_version&#039; | (no parameters)</li>
<li>Executing: ROLLBACK | (no parameters)</li>
</ol>
</div>
<div style="clear:both;margin-bottom:2px;border:red dotted thin;" class="error_message" style="border-bottom:dotted blue thin;">
SQLSTATE[HY000]: General error: 1 no such table: wp_options
</div>
<p>Backtrace:</p>
<pre>#0 /internal/shared/sqlite-database-integration/wp-includes/sqlite-ast/class-wp-pdo-mysql-on-sqlite.php(921): WP_PDO_MySQL_On_SQLite->new_driver_exception('SQLSTATE[HY000]...', 'HY000', Object(PDOException))
#1 /internal/shared/sqlite-database-integration/wp-includes/sqlite-ast/class-wp-sqlite-driver.php(160): WP_PDO_MySQL_On_SQLite->query('SELECT option_v...', 5)
#2 /internal/shared/sqlite-database-integration/wp-includes/sqlite/class-wp-sqlite-db.php(524): WP_SQLite_Driver->query('SELECT option_v...')
#3 /internal/shared/sqlite-database-integration/wp-includes/sqlite/class-wp-sqlite-db.php(436): WP_SQLite_DB->_do_query('SELECT option_v...')
#4 /wordpress/wp-includes/class-wpdb.php(4): WP_SQLite_DB->query('SELECT option_v...')
#5 /wordpress/wp-admin/includes/upgrade.php(39): wpdb->get_var('SELECT option_v...')
#6 /wordpress/wp-admin/includes/upgrade.php(20): __get_option('db_version')
#7 /wordpress/wp-admin/upgrade.php(2): wp_upgrade()
#8 /internal/eval.php(3): require('/wordpress/wp-a...')
#9 {main}</pre>
 for query SELECT option_value FROM wp_options WHERE option_name = 'db_version' made by require('wp-admin/upgrade.php'), wp_upgrade, __get_option, WP_SQLite_DB->query, WP_SQLite_DB->print_error
[18-Mar-2026 15:03:59 UTC] PHP Deprecated:  File Theme without header.php is <strong>deprecated</strong> since version 3.0.0 with no alternative available. Please include a header.php template in your theme. in /wordpress/wp-includes/functions.php on line 135
[18-Mar-2026 15:03:59 UTC] PHP Deprecated:  File Theme without sidebar.php is <strong>deprecated</strong> since version 3.0.0 with no alternative available. Please include a sidebar.php template in your theme. in /wordpress/wp-includes/functions.php on line 135
[18-Mar-2026 15:03:59 UTC] PHP Deprecated:  File Theme without footer.php is <strong>deprecated</strong> since version 3.0.0 with no alternative available. Please include a footer.php template in your theme. in /wordpress/wp-includes/functions.php on line 135
[18-Mar-2026 15:04:31 UTC] PHP Deprecated:  File Theme without header.php is <strong>deprecated</strong> since version 3.0.0 with no alternative available. Please include a header.php template in your theme. in /wordpress/wp-includes/functions.php on line 135
[18-Mar-2026 15:04:31 UTC] PHP Deprecated:  File Theme without footer.php is <strong>deprecated</strong> since version 3.0.0 with no alternative available. Please include a footer.php template in your theme. in /wordpress/wp-includes/functions.php on line 135
[18-Mar-2026 15:05:38 UTC] PHP Deprecated:  File Theme without header.php is <strong>deprecated</strong> since version 3.0.0 with no alternative available. Please include a header.php template in your theme. in /wordpress/wp-includes/functions.php on line 135
[18-Mar-2026 15:05:38 UTC] PHP Deprecated:  File Theme without footer.php is <strong>deprecated</strong> since version 3.0.0 with no alternative available. Please include a footer.php template in your theme. in /wordpress/wp-includes/functions.php on line 135
[18-Mar-2026 15:11:10 UTC] PHP Deprecated:  File Theme without header.php is <strong>deprecated</strong> since version 3.0.0 with no alternative available. Please include a header.php template in your theme. in /wordpress/wp-includes/functions.php on line 135
[18-Mar-2026 15:11:10 UTC] PHP Deprecated:  File Theme without footer.php is <strong>deprecated</strong> since version 3.0.0 with no alternative available. Please include a footer.php template in your theme. in /wordpress/wp-includes/functions.php on line 135
[18-Mar-2026 15:11:32 UTC] PHP Deprecated:  File Theme without header.php is <strong>deprecated</strong> since version 3.0.0 with no alternative available. Please include a header.php template in your theme. in /wordpress/wp-includes/functions.php on line 135
[18-Mar-2026 15:11:32 UTC] PHP Deprecated:  File Theme without footer.php is <strong>deprecated</strong> since version 3.0.0 with no alternative available. Please include a footer.php template in your theme. in /wordpress/wp-includes/functions.php on line 135
[18-Mar-2026 15:11:35 UTC] PHP Deprecated:  File Theme without header.php is <strong>deprecated</strong> since version 3.0.0 with no alternative available. Please include a header.php template in your theme. in /wordpress/wp-includes/functions.php on line 135
[18-Mar-2026 15:11:35 UTC] PHP Deprecated:  File Theme without footer.php is <strong>deprecated</strong> since version 3.0.0 with no alternative available. Please include a footer.php template in your theme. in /wordpress/wp-includes/functions.php on line 135
[18-Mar-2026 15:12:30 UTC] PHP Deprecated:  File Theme without header.php is <strong>deprecated</strong> since version 3.0.0 with no alternative available. Please include a header.php template in your theme. in /wordpress/wp-includes/functions.php on line 135
[18-Mar-2026 15:12:30 UTC] PHP Deprecated:  File Theme without footer.php is <strong>deprecated</strong> since version 3.0.0 with no alternative available. Please include a footer.php template in your theme. in /wordpress/wp-includes/functions.php on line 135
[18-Mar-2026 15:12:33 UTC] PHP Deprecated:  File Theme without header.php is <strong>deprecated</strong> since version 3.0.0 with no alternative available. Please include a header.php template in your theme. in /wordpress/wp-includes/functions.php on line 135
[18-Mar-2026 15:12:33 UTC] PHP Deprecated:  File Theme without footer.php is <strong>deprecated</strong> since version 3.0.0 with no alternative available. Please include a footer.php template in your theme. in /wordpress/wp-includes/functions.php on line 135
[18-Mar-2026 15:12:36 UTC] PHP Deprecated:  File Theme without header.php is <strong>deprecated</strong> since version 3.0.0 with no alternative available. Please include a header.php template in your theme. in /wordpress/wp-includes/functions.php on line 135
[18-Mar-2026 15:12:36 UTC] PHP Deprecated:  File Theme without footer.php is <strong>deprecated</strong> since version 3.0.0 with no alternative available. Please include a footer.php template in your theme. in /wordpress/wp-includes/functions.php on line 135
[18-Mar-2026 16:43:22 UTC] PHP Deprecated:  File Theme without header.php is <strong>deprecated</strong> since version 3.0.0 with no alternative available. Please include a header.php template in your theme. in /wordpress/wp-includes/functions.php on line 135
[18-Mar-2026 16:43:22 UTC] PHP Deprecated:  File Theme without footer.php is <strong>deprecated</strong> since version 3.0.0 with no alternative available. Please include a footer.php template in your theme. in /wordpress/wp-includes/functions.php on line 135
